{
  "RSpec": {
    "coverage": {
      "/Users/erumsanwari/movie_theatre/spec/controllers/auditoria_controller_spec.rb": [
        1,
        null,
        1,
        1,
        null,
        1,
        1,
        1,
        1,
        null,
        null,
        1,
        1,
        1,
        1,
        1,
        null,
        null,
        1,
        1,
        1,
        1,
        1,
        1,
        null,
        null,
        1,
        1,
        1,
        1,
        1,
        1,
        1,
        null,
        null,
        1,
        1,
        1,
        1,
        1,
        null,
        null,
        null,
        null,
        1,
        null,
        1,
        1,
        1,
        1,
        1,
        1,
        null,
        null,
        1,
        1,
        1,
        1,
        null,
        1,
        1,
        1,
        null,
        1,
        1,
        1,
        null,
        1,
        1,
        1,
        null,
        null,
        1,
        1,
        1,
        1,
        1,
        1,
        null,
        1,
        1,
        1,
        1,
        null,
        1,
        1,
        1,
        1,
        1,
        1,
        1,
        null,
        1,
        1,
        1,
        1,
        1,
        1,
        1,
        null,
        null,
        1,
        1,
        1,
        1,
        1,
        1,
        null,
        null,
        null,
        null
      ],
      "/Users/erumsanwari/movie_theatre/spec/rails_helper.rb": [
        1,
        1,
        null,
        null,
        1,
        1,
        1,
        null,
        1,
        1,
        null,
        null,
        null,
        null,
        null,
        null,
        null,
        null,
        null,
        null,
        null,
        null,
        null,
        null,
        null,
        null,
        null,
        null,
        null,
        1,
        null,
        1,
        null,
        1,
        1,
        null,
        null,
        null,
        null,
        1,
        null,
        null,
        null,
        null,
        null,
        null,
        null,
        null,
        null,
        null,
        null,
        null,
        null,
        null,
        1,
        null,
        null,
        1,
        null,
        null,
        null
      ],
      "/Users/erumsanwari/movie_theatre/config/environment.rb": [
        null,
        1,
        null,
        null,
        1
      ],
      "/Users/erumsanwari/movie_theatre/config/application.rb": [
        1,
        null,
        1,
        null,
        null,
        null,
        1,
        null,
        1,
        1,
        null,
        null,
        null,
        null,
        null,
        null,
        null,
        null,
        null,
        null,
        null,
        null,
        null,
        1,
        null,
        null
      ],
      "/Users/erumsanwari/movie_theatre/config/boot.rb": [
        1,
        null,
        1
      ],
      "/Users/erumsanwari/movie_theatre/config/environments/test.rb": [
        1,
        null,
        null,
        null,
        null,
        null,
        null,
        1,
        null,
        null,
        null,
        null,
        1,
        null,
        null,
        1,
        1,
        null,
        null,
        1,
        1,
        null,
        null,
        1,
        null,
        null,
        1,
        null,
        null,
        null,
        null,
        1,
        null,
        null,
        1,
        null,
        null,
        1,
        null,
        null,
        null,
        null
      ],
      "/Users/erumsanwari/movie_theatre/config/initializers/assets.rb": [
        null,
        null,
        null,
        1,
        null,
        null,
        null,
        null,
        null,
        null,
        null
      ],
      "/Users/erumsanwari/movie_theatre/config/initializers/backtrace_silencers.rb": [
        null,
        null,
        null,
        null,
        null,
        null,
        null
      ],
      "/Users/erumsanwari/movie_theatre/config/initializers/cookies_serializer.rb": [
        null,
        null,
        1
      ],
      "/Users/erumsanwari/movie_theatre/config/initializers/filter_parameter_logging.rb": [
        null,
        null,
        null,
        1
      ],
      "/Users/erumsanwari/movie_theatre/config/initializers/inflections.rb": [
        null,
        null,
        null,
        null,
        null,
        null,
        null,
        null,
        null,
        null,
        null,
        null,
        null,
        null,
        null,
        null
      ],
      "/Users/erumsanwari/movie_theatre/config/initializers/mime_types.rb": [
        null,
        null,
        null,
        null
      ],
      "/Users/erumsanwari/movie_theatre/config/initializers/session_store.rb": [
        null,
        null,
        1
      ],
      "/Users/erumsanwari/movie_theatre/config/initializers/to_time_preserves_timezone.rb": [
        null,
        null,
        null,
        null,
        null,
        null,
        null,
        null,
        null,
        1
      ],
      "/Users/erumsanwari/movie_theatre/config/initializers/wrap_parameters.rb": [
        null,
        null,
        null,
        null,
        null,
        null,
        1,
        1,
        null,
        null,
        null,
        null,
        null,
        null
      ],
      "/Users/erumsanwari/movie_theatre/spec/factories/auditoria.rb": [
        1,
        1,
        1,
        1,
        1,
        1,
        null,
        null
      ],
      "/Users/erumsanwari/movie_theatre/spec/factories/bookings.rb": [
        1,
        1,
        1,
        1,
        1,
        1,
        null,
        null
      ],
      "/Users/erumsanwari/movie_theatre/spec/factories/movies.rb": [
        1,
        1,
        1,
        1,
        1,
        1,
        1,
        null,
        null
      ],
      "/Users/erumsanwari/movie_theatre/spec/factories/seats.rb": [
        1,
        1,
        1,
        1,
        1,
        1,
        null,
        null
      ],
      "/Users/erumsanwari/movie_theatre/spec/factories/showtimes.rb": [
        1,
        null,
        1,
        1,
        1,
        1,
        null,
        null
      ],
      "/Users/erumsanwari/movie_theatre/spec/factories/theatres.rb": [
        1,
        1,
        1,
        1,
        1,
        null,
        null
      ],
      "/Users/erumsanwari/movie_theatre/spec/factories/tickets.rb": [
        1,
        1,
        1,
        1,
        1,
        1,
        1,
        1,
        null,
        null
      ],
      "/Users/erumsanwari/movie_theatre/spec/factories/viewers.rb": [
        1,
        1,
        1,
        1,
        1,
        1,
        1,
        null,
        null
      ],
      "/Users/erumsanwari/movie_theatre/config/routes.rb": [
        1,
        1,
        1,
        1,
        1,
        1,
        1,
        1,
        1,
        null
      ],
      "/Users/erumsanwari/movie_theatre/app/helpers/application_helper.rb": [
        1,
        null
      ],
      "/Users/erumsanwari/movie_theatre/app/controllers/auditoria_controller.rb": [
        1,
        1,
        null,
        1,
        1,
        1,
        2,
        null,
        null,
        null,
        3,
        null,
        2,
        1,
        2,
        null,
        1,
        1,
        2,
        null,
        null,
        null,
        null,
        1,
        5,
        5,
        1,
        2,
        null,
        null,
        4,
        8,
        null,
        null,
        null,
        null,
        6,
        null,
        5,
        2,
        1,
        2,
        null,
        null,
        1,
        2,
        null,
        null,
        3,
        3,
        6,
        null,
        null,
        null,
        null,
        3,
        null,
        2,
        1,
        1,
        2,
        null,
        1,
        1,
        2,
        null,
        null,
        null,
        null,
        1,
        1,
        7,
        null,
        null
      ],
      "/Users/erumsanwari/movie_theatre/app/controllers/application_controller.rb": [
        1,
        null,
        null,
        1,
        null
      ],
      "/Users/erumsanwari/movie_theatre/spec/controllers/bookings_controller_spec.rb": [
        1,
        null,
        1,
        1,
        null,
        1,
        1,
        1,
        1,
        null,
        null,
        1,
        1,
        1,
        1,
        1,
        null,
        null,
        1,
        1,
        1,
        1,
        1,
        1,
        null,
        null,
        1,
        1,
        1,
        1,
        1,
        1,
        1,
        null,
        null,
        1,
        1,
        1,
        1,
        1,
        null,
        null,
        null,
        null,
        1,
        null,
        1,
        1,
        1,
        1,
        1,
        1,
        null,
        null,
        1,
        1,
        1,
        1,
        null,
        1,
        1,
        1,
        null,
        1,
        1,
        1,
        1,
        1,
        null,
        1,
        1,
        1,
        1,
        1,
        null,
        null,
        1,
        1,
        1,
        1,
        1,
        1,
        null,
        1,
        1,
        1,
        1,
        null,
        1,
        1,
        1,
        1,
        1,
        null,
        1,
        1,
        1,
        1,
        1,
        null,
        null,
        1,
        1,
        1,
        1,
        1,
        1,
        null,
        null,
        null,
        null
      ],
      "/Users/erumsanwari/movie_theatre/app/controllers/bookings_controller.rb": [
        1,
        1,
        null,
        1,
        1,
        1,
        2,
        null,
        null,
        null,
        3,
        null,
        2,
        1,
        2,
        null,
        1,
        1,
        2,
        null,
        null,
        null,
        null,
        1,
        5,
        5,
        1,
        2,
        null,
        null,
        4,
        8,
        null,
        null,
        null,
        null,
        6,
        null,
        5,
        2,
        1,
        2,
        null,
        null,
        1,
        2,
        null,
        null,
        3,
        3,
        6,
        null,
        null,
        null,
        null,
        3,
        null,
        2,
        1,
        1,
        2,
        null,
        1,
        1,
        2,
        null,
        null,
        null,
        null,
        1,
        1,
        7,
        null,
        null
      ],
      "/Users/erumsanwari/movie_theatre/spec/controllers/movies_controller_spec.rb": [
        1,
        null,
        1,
        1,
        null,
        1,
        1,
        1,
        1,
        null,
        null,
        1,
        1,
        1,
        1,
        1,
        null,
        null,
        1,
        1,
        1,
        1,
        1,
        null,
        null,
        1,
        1,
        1,
        1,
        1,
        1,
        1,
        null,
        null,
        1,
        1,
        1,
        1,
        1,
        null,
        null,
        null,
        null,
        1,
        null,
        1,
        1,
        1,
        1,
        1,
        1,
        null,
        null,
        1,
        1,
        1,
        1,
        1,
        1,
        null,
        1,
        1,
        1,
        null,
        1,
        1,
        1,
        null,
        null,
        1,
        1,
        1,
        1,
        1,
        1,
        null,
        1,
        1,
        1,
        1,
        null,
        1,
        1,
        1,
        1,
        1,
        1,
        null,
        null,
        1,
        1,
        1,
        1,
        1,
        1,
        null,
        null,
        null,
        null
      ],
      "/Users/erumsanwari/movie_theatre/app/controllers/movies_controller.rb": [
        1,
        1,
        null,
        1,
        1,
        1,
        2,
        null,
        null,
        null,
        3,
        null,
        2,
        1,
        2,
        null,
        1,
        1,
        2,
        null,
        null,
        null,
        null,
        1,
        4,
        4,
        1,
        2,
        null,
        null,
        3,
        6,
        null,
        null,
        null,
        null,
        5,
        null,
        4,
        3,
        1,
        2,
        null,
        null,
        1,
        2,
        null,
        null,
        2,
        2,
        4,
        null,
        null,
        null,
        null,
        3,
        null,
        2,
        1,
        1,
        2,
        null,
        1,
        1,
        2,
        null,
        null,
        null,
        null,
        1,
        1,
        7,
        null,
        null
      ],
      "/Users/erumsanwari/movie_theatre/spec/controllers/seats_controller_spec.rb": [
        1,
        null,
        1,
        1,
        null,
        1,
        1,
        1,
        1,
        null,
        null,
        1,
        1,
        1,
        1,
        1,
        null,
        null,
        1,
        1,
        1,
        1,
        1,
        1,
        1,
        null,
        null,
        1,
        1,
        1,
        1,
        1,
        1,
        1,
        null,
        null,
        1,
        1,
        1,
        1,
        1,
        null,
        null,
        null,
        null,
        1,
        null,
        1,
        1,
        1,
        1,
        1,
        1,
        null,
        null,
        1,
        1,
        1,
        1,
        null,
        1,
        1,
        1,
        null,
        1,
        1,
        1,
        null,
        1,
        1,
        1,
        null,
        null,
        1,
        1,
        1,
        1,
        1,
        1,
        null,
        1,
        1,
        1,
        1,
        null,
        1,
        1,
        1,
        1,
        1,
        1,
        1,
        null,
        1,
        1,
        1,
        1,
        1,
        1,
        1,
        null,
        1,
        1,
        1,
        1,
        1,
        1,
        1,
        null,
        null,
        1,
        1,
        1,
        1,
        1,
        1,
        null,
        null,
        null,
        null
      ],
      "/Users/erumsanwari/movie_theatre/app/controllers/seats_controller.rb": [
        1,
        1,
        null,
        1,
        1,
        1,
        2,
        null,
        null,
        null,
        3,
        null,
        2,
        1,
        2,
        null,
        1,
        1,
        2,
        null,
        null,
        null,
        null,
        1,
        5,
        5,
        1,
        2,
        null,
        null,
        4,
        8,
        null,
        null,
        null,
        null,
        7,
        null,
        6,
        2,
        1,
        2,
        null,
        null,
        1,
        2,
        null,
        null,
        4,
        4,
        8,
        null,
        null,
        null,
        null,
        3,
        null,
        2,
        1,
        1,
        2,
        null,
        1,
        1,
        2,
        null,
        null,
        null,
        null,
        1,
        1,
        7,
        null,
        null
      ],
      "/Users/erumsanwari/movie_theatre/spec/controllers/showtimes_controller_spec.rb": [
        1,
        null,
        1,
        1,
        null,
        1,
        1,
        1,
        1,
        null,
        null,
        1,
        1,
        1,
        1,
        1,
        null,
        null,
        1,
        1,
        1,
        1,
        1,
        null,
        null,
        1,
        1,
        1,
        1,
        1,
        1,
        1,
        null,
        null,
        1,
        1,
        1,
        1,
        1,
        null,
        null,
        null,
        null,
        1,
        null,
        1,
        1,
        1,
        1,
        1,
        1,
        null,
        null,
        1,
        1,
        1,
        1,
        null,
        1,
        1,
        1,
        null,
        1,
        1,
        1,
        null,
        null,
        1,
        1,
        1,
        1,
        1,
        1,
        null,
        1,
        1,
        1,
        1,
        null,
        1,
        1,
        1,
        1,
        1,
        null,
        null,
        1,
        1,
        1,
        1,
        1,
        1,
        null,
        null,
        null,
        null
      ],
      "/Users/erumsanwari/movie_theatre/app/controllers/showtimes_controller.rb": [
        1,
        1,
        null,
        1,
        1,
        1,
        2,
        null,
        null,
        null,
        3,
        null,
        2,
        1,
        2,
        null,
        1,
        1,
        2,
        null,
        null,
        null,
        null,
        1,
        4,
        4,
        1,
        2,
        null,
        null,
        3,
        6,
        null,
        null,
        null,
        null,
        5,
        null,
        4,
        2,
        1,
        2,
        null,
        null,
        1,
        2,
        null,
        null,
        2,
        2,
        4,
        null,
        null,
        null,
        null,
        3,
        null,
        2,
        1,
        1,
        2,
        null,
        1,
        1,
        2,
        null,
        null,
        null,
        null,
        1,
        1,
        6,
        null,
        null
      ],
      "/Users/erumsanwari/movie_theatre/spec/controllers/theatres_controller_spec.rb": [
        1,
        null,
        1,
        1,
        null,
        1,
        1,
        1,
        1,
        null,
        null,
        1,
        1,
        1,
        1,
        1,
        null,
        null,
        1,
        1,
        1,
        1,
        null,
        null,
        1,
        1,
        1,
        1,
        1,
        1,
        1,
        null,
        null,
        1,
        1,
        1,
        1,
        1,
        null,
        null,
        null,
        null,
        1,
        null,
        1,
        1,
        1,
        1,
        1,
        1,
        null,
        null,
        1,
        1,
        1,
        1,
        null,
        1,
        1,
        1,
        null,
        null,
        1,
        1,
        1,
        1,
        1,
        1,
        null,
        1,
        1,
        1,
        1,
        null,
        null,
        1,
        1,
        1,
        1,
        1,
        1,
        null,
        null,
        null,
        null
      ],
      "/Users/erumsanwari/movie_theatre/app/controllers/theatres_controller.rb": [
        1,
        1,
        null,
        1,
        1,
        1,
        2,
        null,
        null,
        null,
        3,
        null,
        2,
        1,
        2,
        null,
        1,
        1,
        2,
        null,
        null,
        null,
        null,
        1,
        3,
        3,
        1,
        2,
        null,
        null,
        2,
        4,
        null,
        null,
        null,
        null,
        4,
        null,
        3,
        2,
        1,
        2,
        null,
        null,
        1,
        2,
        null,
        null,
        1,
        1,
        2,
        null,
        null,
        null,
        null,
        3,
        null,
        2,
        1,
        1,
        2,
        null,
        1,
        1,
        2,
        null,
        null,
        null,
        null,
        1,
        1,
        5,
        null,
        null
      ],
      "/Users/erumsanwari/movie_theatre/spec/controllers/tickets_controller_spec.rb": [
        1,
        null,
        1,
        1,
        null,
        1,
        1,
        1,
        1,
        null,
        null,
        1,
        1,
        1,
        1,
        1,
        null,
        null,
        1,
        1,
        1,
        1,
        1,
        1,
        1,
        null,
        null,
        1,
        1,
        1,
        1,
        1,
        1,
        1,
        null,
        null,
        1,
        1,
        1,
        1,
        1,
        null,
        null,
        null,
        null,
        1,
        null,
        1,
        1,
        1,
        1,
        1,
        1,
        null,
        null,
        1,
        1,
        1,
        1,
        null,
        1,
        1,
        1,
        null,
        1,
        1,
        1,
        null,
        1,
        1,
        1,
        1,
        1,
        null,
        null,
        1,
        1,
        1,
        1,
        1,
        1,
        null,
        1,
        1,
        1,
        1,
        null,
        1,
        1,
        1,
        1,
        1,
        null,
        1,
        1,
        1,
        1,
        1,
        null,
        null,
        1,
        1,
        1,
        1,
        1,
        1,
        null,
        null,
        null,
        null
      ],
      "/Users/erumsanwari/movie_theatre/app/controllers/tickets_controller.rb": [
        1,
        1,
        null,
        1,
        1,
        1,
        2,
        null,
        null,
        null,
        3,
        null,
        2,
        1,
        2,
        null,
        1,
        1,
        2,
        null,
        null,
        null,
        null,
        1,
        5,
        5,
        1,
        2,
        null,
        null,
        4,
        8,
        null,
        null,
        null,
        null,
        6,
        null,
        5,
        2,
        1,
        2,
        null,
        null,
        1,
        2,
        null,
        null,
        3,
        3,
        6,
        null,
        null,
        null,
        null,
        3,
        null,
        2,
        1,
        1,
        2,
        null,
        1,
        1,
        2,
        null,
        null,
        null,
        null,
        1,
        1,
        7,
        null,
        null
      ],
      "/Users/erumsanwari/movie_theatre/spec/controllers/viewers_controller_spec.rb": [
        1,
        null,
        1,
        1,
        null,
        1,
        1,
        1,
        1,
        null,
        null,
        1,
        1,
        1,
        1,
        1,
        null,
        null,
        1,
        1,
        1,
        1,
        1,
        1,
        null,
        null,
        1,
        1,
        1,
        1,
        1,
        1,
        1,
        null,
        null,
        1,
        1,
        1,
        1,
        1,
        null,
        null,
        null,
        null,
        1,
        null,
        1,
        1,
        1,
        1,
        1,
        1,
        null,
        null,
        1,
        1,
        1,
        1,
        1,
        null,
        1,
        1,
        1,
        1,
        null,
        1,
        1,
        1,
        1,
        null,
        1,
        1,
        1,
        1,
        null,
        1,
        1,
        1,
        1,
        null,
        null,
        1,
        1,
        1,
        1,
        1,
        1,
        null,
        1,
        1,
        1,
        1,
        null,
        1,
        1,
        1,
        1,
        1,
        1,
        1,
        null,
        1,
        1,
        1,
        1,
        1,
        1,
        1,
        null,
        1,
        1,
        1,
        1,
        1,
        1,
        1,
        null,
        null,
        1,
        1,
        1,
        1,
        1,
        1,
        null,
        null,
        null,
        null
      ],
      "/Users/erumsanwari/movie_theatre/app/controllers/viewers_controller.rb": [
        1,
        1,
        null,
        1,
        1,
        1,
        2,
        null,
        null,
        null,
        3,
        null,
        2,
        1,
        2,
        null,
        1,
        1,
        2,
        null,
        null,
        null,
        null,
        1,
        6,
        6,
        1,
        2,
        null,
        null,
        5,
        10,
        null,
        null,
        null,
        null,
        7,
        null,
        6,
        2,
        1,
        2,
        null,
        null,
        1,
        2,
        null,
        null,
        4,
        4,
        8,
        null,
        null,
        null,
        null,
        3,
        null,
        2,
        1,
        1,
        2,
        null,
        1,
        1,
        2,
        null,
        null,
        null,
        null,
        1,
        1,
        8,
        null,
        null
      ],
      "/Users/erumsanwari/movie_theatre/app/models/auditorium.rb": [
        1,
        1,
        1,
        1,
        1,
        1,
        1,
        1,
        null
      ],
      "/Users/erumsanwari/movie_theatre/app/models/theatre.rb": [
        1,
        1,
        1,
        1,
        1,
        1,
        1,
        1,
        1,
        null
      ],
      "/Users/erumsanwari/movie_theatre/app/models/movie.rb": [
        1,
        1,
        1,
        1,
        1,
        1,
        1,
        1,
        null
      ],
      "/Users/erumsanwari/movie_theatre/app/models/viewer.rb": [
        1,
        1,
        1,
        1,
        1,
        1,
        1,
        1,
        1,
        null
      ],
      "/Users/erumsanwari/movie_theatre/app/models/booking.rb": [
        1,
        1,
        1,
        1,
        1,
        1,
        1,
        1,
        1,
        null
      ],
      "/Users/erumsanwari/movie_theatre/app/models/seat.rb": [
        1,
        1,
        1,
        1,
        1,
        null
      ],
      "/Users/erumsanwari/movie_theatre/app/models/ticket.rb": [
        1,
        1,
        1,
        1,
        1,
        1,
        1,
        null
      ],
      "/Users/erumsanwari/movie_theatre/app/models/showtime.rb": [
        1,
        1,
        1,
        1,
        1,
        null
      ]
    },
    "timestamp": 1516446700
  }
}
